D:\College Work\IT266\QUAKE2\release\cl.command.1.tlog
D:\College Work\IT266\QUAKE2\release\CL.read.1.tlog
D:\College Work\IT266\QUAKE2\release\CL.write.1.tlog
D:\COLLEGE WORK\IT266\QUAKE2\RELEASE\G_AI.OBJ
D:\COLLEGE WORK\IT266\QUAKE2\RELEASE\G_CHASE.OBJ
D:\COLLEGE WORK\IT266\QUAKE2\RELEASE\G_CMDS.OBJ
D:\COLLEGE WORK\IT266\QUAKE2\RELEASE\G_COMBAT.OBJ
D:\COLLEGE WORK\IT266\QUAKE2\RELEASE\G_FUNC.OBJ
D:\COLLEGE WORK\IT266\QUAKE2\RELEASE\G_ITEMS.OBJ
D:\COLLEGE WORK\IT266\QUAKE2\RELEASE\G_MAIN.OBJ
D:\COLLEGE WORK\IT266\QUAKE2\RELEASE\G_MISC.OBJ
D:\COLLEGE WORK\IT266\QUAKE2\RELEASE\G_MONSTER.OBJ
D:\COLLEGE WORK\IT266\QUAKE2\RELEASE\G_PHYS.OBJ
D:\COLLEGE WORK\IT266\QUAKE2\RELEASE\G_SAVE.OBJ
D:\COLLEGE WORK\IT266\QUAKE2\RELEASE\G_SPAWN.OBJ
D:\COLLEGE WORK\IT266\QUAKE2\RELEASE\G_SVCMDS.OBJ
D:\COLLEGE WORK\IT266\QUAKE2\RELEASE\G_TARGET.OBJ
D:\COLLEGE WORK\IT266\QUAKE2\RELEASE\G_TRIGGER.OBJ
D:\COLLEGE WORK\IT266\QUAKE2\RELEASE\G_TURRET.OBJ
D:\COLLEGE WORK\IT266\QUAKE2\RELEASE\G_UTILS.OBJ
D:\COLLEGE WORK\IT266\QUAKE2\RELEASE\G_WEAPON.OBJ
D:\COLLEGE WORK\IT266\QUAKE2\RELEASE\GAME.DLL
D:\COLLEGE WORK\IT266\QUAKE2\RELEASE\GAME.DLL.INTERMEDIATE.MANIFEST
D:\College Work\IT266\QUAKE2\release\game.write.1.tlog
D:\College Work\IT266\QUAKE2\release\link.command.1.tlog
D:\College Work\IT266\QUAKE2\release\link.read.1.tlog
D:\College Work\IT266\QUAKE2\release\link.write.1.tlog
D:\COLLEGE WORK\IT266\QUAKE2\RELEASE\M_ACTOR.OBJ
D:\COLLEGE WORK\IT266\QUAKE2\RELEASE\M_BERSERK.OBJ
D:\COLLEGE WORK\IT266\QUAKE2\RELEASE\M_BOSS2.OBJ
D:\COLLEGE WORK\IT266\QUAKE2\RELEASE\M_BOSS3.OBJ
D:\COLLEGE WORK\IT266\QUAKE2\RELEASE\M_BOSS31.OBJ
D:\COLLEGE WORK\IT266\QUAKE2\RELEASE\M_BOSS32.OBJ
D:\COLLEGE WORK\IT266\QUAKE2\RELEASE\M_BRAIN.OBJ
D:\COLLEGE WORK\IT266\QUAKE2\RELEASE\M_CHICK.OBJ
D:\COLLEGE WORK\IT266\QUAKE2\RELEASE\M_FLASH.OBJ
D:\COLLEGE WORK\IT266\QUAKE2\RELEASE\M_FLIPPER.OBJ
D:\COLLEGE WORK\IT266\QUAKE2\RELEASE\M_FLOAT.OBJ
D:\COLLEGE WORK\IT266\QUAKE2\RELEASE\M_FLYER.OBJ
D:\COLLEGE WORK\IT266\QUAKE2\RELEASE\M_GLADIATOR.OBJ
D:\COLLEGE WORK\IT266\QUAKE2\RELEASE\M_GUNNER.OBJ
D:\COLLEGE WORK\IT266\QUAKE2\RELEASE\M_HOVER.OBJ
D:\COLLEGE WORK\IT266\QUAKE2\RELEASE\M_INFANTRY.OBJ
D:\COLLEGE WORK\IT266\QUAKE2\RELEASE\M_INSANE.OBJ
D:\COLLEGE WORK\IT266\QUAKE2\RELEASE\M_MEDIC.OBJ
D:\COLLEGE WORK\IT266\QUAKE2\RELEASE\M_MOVE.OBJ
D:\COLLEGE WORK\IT266\QUAKE2\RELEASE\M_MUTANT.OBJ
D:\COLLEGE WORK\IT266\QUAKE2\RELEASE\M_PARASITE.OBJ
D:\COLLEGE WORK\IT266\QUAKE2\RELEASE\M_SOLDIER.OBJ
D:\COLLEGE WORK\IT266\QUAKE2\RELEASE\M_SUPERTANK.OBJ
D:\COLLEGE WORK\IT266\QUAKE2\RELEASE\M_TANK.OBJ
D:\College Work\IT266\QUAKE2\release\mt.command.1.tlog
D:\College Work\IT266\QUAKE2\release\mt.read.1.tlog
D:\College Work\IT266\QUAKE2\release\mt.write.1.tlog
D:\COLLEGE WORK\IT266\QUAKE2\RELEASE\P_CLIENT.OBJ
D:\COLLEGE WORK\IT266\QUAKE2\RELEASE\P_HUD.OBJ
D:\COLLEGE WORK\IT266\QUAKE2\RELEASE\P_TRAIL.OBJ
D:\COLLEGE WORK\IT266\QUAKE2\RELEASE\P_VIEW.OBJ
D:\COLLEGE WORK\IT266\QUAKE2\RELEASE\P_WEAPON.OBJ
D:\COLLEGE WORK\IT266\QUAKE2\RELEASE\Q_SHARED.OBJ
D:\College Work\IT266\release\gamex86.exp
D:\College Work\IT266\release\gamex86.lib
